c:\users\user\desktop\pk4\repo projektu\mametchi\projekt\x64\debug\vc143.pdb
c:\users\user\desktop\pk4\repo projektu\mametchi\projekt\x64\debug\vc143.idb
c:\users\user\desktop\pk4\repo projektu\mametchi\projekt\x64\debug\projekt.obj
c:\users\user\desktop\pk4\repo projektu\mametchi\projekt\x64\debug\zwierzak.ixx.ifc
c:\users\user\desktop\pk4\repo projektu\mametchi\projekt\x64\debug\zwierzak.ixx.ifc.d.json
c:\users\user\desktop\pk4\repo projektu\mametchi\projekt\x64\debug\zwierzak.ixx.obj
c:\users\user\desktop\pk4\repo projektu\mametchi\projekt\x64\debug\pole_tekstowe.ixx.ifc
c:\users\user\desktop\pk4\repo projektu\mametchi\projekt\x64\debug\pole_tekstowe.ixx.ifc.d.json
c:\users\user\desktop\pk4\repo projektu\mametchi\projekt\x64\debug\pole_tekstowe.ixx.obj
c:\users\user\desktop\pk4\repo projektu\mametchi\projekt\x64\debug\interfejs.ixx.ifc
c:\users\user\desktop\pk4\repo projektu\mametchi\projekt\x64\debug\interfejs.ixx.ifc.d.json
c:\users\user\desktop\pk4\repo projektu\mametchi\projekt\x64\debug\interfejs.ixx.obj
c:\users\user\desktop\pk4\repo projektu\mametchi\projekt\x64\debug\przycisk.ixx.ifc
c:\users\user\desktop\pk4\repo projektu\mametchi\projekt\x64\debug\przycisk.ixx.ifc.d.json
c:\users\user\desktop\pk4\repo projektu\mametchi\projekt\x64\debug\przycisk.ixx.obj
c:\users\user\desktop\pk4\repo projektu\mametchi\projekt\x64\debug\jedzenie.ixx.ifc
c:\users\user\desktop\pk4\repo projektu\mametchi\projekt\x64\debug\jedzenie.ixx.ifc.d.json
c:\users\user\desktop\pk4\repo projektu\mametchi\projekt\x64\debug\jedzenie.ixx.obj
c:\users\user\desktop\pk4\repo projektu\mametchi\projekt\x64\debug\gra.ixx.ifc
c:\users\user\desktop\pk4\repo projektu\mametchi\projekt\x64\debug\gra.ixx.ifc.d.json
c:\users\user\desktop\pk4\repo projektu\mametchi\projekt\x64\debug\gra.ixx.obj
c:\users\user\desktop\pk4\repo projektu\mametchi\projekt\x64\debug\projekt.ilk
c:\users\user\desktop\pk4\repo projektu\mametchi\x64\debug\projekt.exe
c:\users\user\desktop\pk4\repo projektu\mametchi\x64\debug\projekt.pdb
c:\users\user\desktop\pk4\repo projektu\mametchi\projekt\x64\debug\zwierzak.ixx.module.json
c:\users\user\desktop\pk4\repo projektu\mametchi\projekt\x64\debug\interfejs.ixx.module.json
c:\users\user\desktop\pk4\repo projektu\mametchi\projekt\x64\debug\pole_tekstowe.ixx.module.json
c:\users\user\desktop\pk4\repo projektu\mametchi\projekt\x64\debug\przycisk.ixx.module.json
c:\users\user\desktop\pk4\repo projektu\mametchi\projekt\x64\debug\gra.ixx.module.json
c:\users\user\desktop\pk4\repo projektu\mametchi\projekt\x64\debug\jedzenie.ixx.module.json
c:\users\user\desktop\pk4\repo projektu\mametchi\projekt\x64\debug\projekt.tlog\cl.command.1.tlog
c:\users\user\desktop\pk4\repo projektu\mametchi\projekt\x64\debug\projekt.tlog\cl.read.1.tlog
c:\users\user\desktop\pk4\repo projektu\mametchi\projekt\x64\debug\projekt.tlog\cl.write.1.tlog
c:\users\user\desktop\pk4\repo projektu\mametchi\projekt\x64\debug\projekt.tlog\link.command.1.tlog
c:\users\user\desktop\pk4\repo projektu\mametchi\projekt\x64\debug\projekt.tlog\link.read.1.tlog
c:\users\user\desktop\pk4\repo projektu\mametchi\projekt\x64\debug\projekt.tlog\link.write.1.tlog
c:\users\user\desktop\pk4\repo projektu\mametchi\projekt\x64\debug\projekt_md.tlog\cl.command.1.tlog
c:\users\user\desktop\pk4\repo projektu\mametchi\projekt\x64\debug\projekt_md.tlog\microsoft.build.cpptasks.cl.read.1.tlog
c:\users\user\desktop\pk4\repo projektu\mametchi\projekt\x64\debug\projekt_md.tlog\microsoft.build.cpptasks.cl.write.1.tlog
